<?xml version="1.0" encoding="UTF-8"?>
<!-- Generated by org.testng.reporters.JUnitReportReporter -->
<testsuite hostname="Abhijith" failures="0" tests="1" name="testng.Lamborghini" time="2.269" errors="0" timestamp="2025-03-29T11:29:32 IST" skipped="0">
  <testcase classname="testng.Lamborghini" name="launch" time="2.269">
    <system-out>
      <![CDATA[Lamborghini launched successfully]]>
    </system-out>
  </testcase> <!-- launch -->
  <system-out>
    <![CDATA[Lamborghini launched successfully
RollsRoyce launched successfully
Volkswagen launched successfully]]>
  </system-out>
</testsuite> <!-- testng.Lamborghini -->
