<?xml version="1.0" encoding="UTF-8"?>
<!-- Generated by org.testng.reporters.JUnitReportReporter -->
<testsuite hostname="Abhijith" failures="0" tests="4" name="dataprovider.LearnDataProvider" time="7.637" errors="0" timestamp="2025-04-04T11:19:32 IST" skipped="0">
  <testcase classname="dataprovider.LearnDataProvider" name="login" time="2.499"/>
  <testcase classname="dataprovider.LearnDataProvider" name="login" time="1.883"/>
  <testcase classname="dataprovider.LearnDataProvider" name="login" time="1.571"/>
  <testcase classname="dataprovider.LearnDataProvider" name="login" time="1.684"/>
</testsuite> <!-- dataprovider.LearnDataProvider -->
