<?xml version="1.0" encoding="UTF-8"?>
<!-- Generated by org.testng.reporters.JUnitReportReporter -->
<testsuite hostname="Abhijith" failures="0" tests="1" name="assertions.LearnSoftAssert" time="6.547" errors="0" timestamp="2025-04-03T11:34:11 IST" skipped="0">
  <testcase classname="assertions.LearnSoftAssert" name="login" time="6.547">
    <system-out>
      <![CDATA[Login page is displayed
Home page is displayed]]>
    </system-out>
  </testcase> <!-- login -->
  <system-out>
    <![CDATA[Login page is displayed
Home page is displayed]]>
  </system-out>
</testsuite> <!-- assertions.LearnSoftAssert -->
