<?xml version="1.0" encoding="UTF-8"?>
<!-- Generated by org.testng.reporters.JUnitReportReporter -->
<testsuite hostname="Abhijith" failures="0" tests="2" name="testng.AnnotationAttributes" time="3.503" errors="0" timestamp="2025-03-28T10:45:48 IST" skipped="1">
  <testcase classname="testng.AnnotationAttributes" name="register" time="3.503"/>
  <testcase classname="testng.AnnotationAttributes" name="login">
    <skipped/>
  </testcase> <!-- login -->
</testsuite> <!-- testng.AnnotationAttributes -->
