<?xml version="1.0" encoding="UTF-8"?>
<!-- Generated by org.testng.reporters.JUnitReportReporter -->
<testsuite hostname="Abhijith" failures="0" tests="2" name="testng.ToLearnTestNG" time="0.012" errors="0" timestamp="2025-03-26T11:42:21 IST" skipped="0">
  <testcase classname="testng.ToLearnTestNG" name="register" time="0.001">
    <system-out>
      <![CDATA[register test case executed]]>
    </system-out>
  </testcase> <!-- register -->
  <testcase classname="testng.ToLearnTestNG" name="login" time="0.011">
    <system-out>
      <![CDATA[login test case executed]]>
    </system-out>
  </testcase> <!-- login -->
  <system-out>
    <![CDATA[login test case executed
register test case executed]]>
  </system-out>
</testsuite> <!-- testng.ToLearnTestNG -->
