<?xml version="1.0" encoding="UTF-8"?>
<!-- Generated by org.testng.reporters.JUnitReportReporter -->
<testsuite hostname="Abhijith" failures="0" tests="1" name="testng.RollsRoyce" time="3.875" errors="0" timestamp="2025-03-29T11:29:47 IST" skipped="0">
  <testcase classname="testng.RollsRoyce" name="launch" time="3.875">
    <system-out>
      <![CDATA[RollsRoyce launched successfully]]>
    </system-out>
  </testcase> <!-- launch -->
  <system-out>
    <![CDATA[RollsRoyce launched successfully]]>
  </system-out>
</testsuite> <!-- testng.RollsRoyce -->
